<?xml version="1.0" encoding="UTF-8"?>
<!-- Generated by org.testng.reporters.JUnitXMLReporter -->
<testsuite ignored="1" hostname="INLEN8520067331" failures="0" tests="3" name="Default test" time="0.081" errors="0" timestamp="2022-09-29T16:09:25 IST">
  <testcase classname="com.testcase.DemoOtherAttributes" name="testJava" time="0.009"/>
  <testcase classname="com.testcase.DemoOtherAttributes" name="testPython" time="0.001"/>
  <testcase classname="com.testcase.DemoOtherAttributes" name="testRuby" time="0.007"/>
  <testcase classname="com.testcase.DemoOtherAttributes" name="testCsharp" time="0.0">
    <ignored/>
  </testcase> <!-- testCsharp -->
</testsuite> <!-- Default test -->
